<?xml version="1.0" encoding="UTF-8"?>
<!-- Generated by org.testng.reporters.JUnitReportReporter -->
<testsuite skipped="0" hostname="DESKTOP-SJON78E" name="com.google.qa.testcases.CheckMailTest" tests="2" failures="0" timestamp="09 Aug 2021 09:02:48 GMT" time="24.061" errors="0">
  <testcase name="verifyHomeTitleTest" time="12.778" classname="com.google.qa.testcases.CheckMailTest"/>
  <testcase name="verifyusernameTest" time="11.283" classname="com.google.qa.testcases.CheckMailTest"/>
</testsuite> <!-- com.google.qa.testcases.CheckMailTest -->
