<?xml version="1.0" encoding="UTF-8"?>
<!-- Generated by org.testng.reporters.JUnitReportReporter -->
<testsuite skipped="0" hostname="DESKTOP-SJON78E" name="com.google.qa.testcases.FriendsPageTest" tests="2" failures="0" timestamp="2021-08-09T16:09:04 IST" time="32.453" errors="0">
  <testcase name="verifyHomeTitleTest" time="17.456" classname="com.google.qa.testcases.FriendsPageTest"/>
  <system-out/>
  <testcase name="verifyusernameTest" time="14.997" classname="com.google.qa.testcases.FriendsPageTest"/>
  <system-out/>
</testsuite> <!-- com.google.qa.testcases.FriendsPageTest -->
